build/outputs/logs/manifest-merger-aosp-debug-report.txt
-- Merging decision tree log ---
manifest
ADDED from AndroidStudioProjects/Launcher3/AndroidManifest-common.xml:20:1-126:12
	package
		ADDED from AndroidStudioProjects/Launcher3/AndroidManifest-common.xml:22:5-36
		INJECTED from AndroidStudioProjects/Launcher3/AndroidManifest-common.xml
		INJECTED from AndroidStudioProjects/Launcher3/AndroidManifest.xml
	android:versionName
		INJECTED from AndroidStudioProjects/Launcher3/AndroidManifest-common.xml
		ADDED from AndroidStudioProjects/Launcher3/AndroidManifest-common.xml:20:1-126:12
		INJECTED from AndroidStudioProjects/Launcher3/AndroidManifest.xml
	xmlns:android
		ADDED from AndroidStudioProjects/Launcher3/AndroidManifest-common.xml:21:5-63
	android:versionCode
		INJECTED from AndroidStudioProjects/Launcher3/AndroidManifest-common.xml
		ADDED from AndroidStudioProjects/Launcher3/AndroidManifest-common.xml:20:1-126:12
		INJECTED from AndroidStudioProjects/Launcher3/AndroidManifest.xml
uses-sdk
ADDED from AndroidStudioProjects/Launcher3/AndroidManifest-common.xml:23:5-73
MERGED from AndroidStudioProjects/Launcher3/AndroidManifest-common.xml:23:5-73
MERGED from [com.android.support:support-v4:27.0.1] AndroidManifest.xml:20:5-44
MERGED from [com.android.support:support-media-compat:27.0.1] AndroidManifest.xml:20:5-44
MERGED from [com.android.support:support-fragment:27.0.1] AndroidManifest.xml:20:5-44
MERGED from [com.android.support:support-dynamic-animation:27.0.1] AndroidManifest.xml:20:5-44
MERGED from [com.android.support:recyclerview-v7:27.0.1] AndroidManifest.xml:20:5-44
MERGED from [com.android.support:support-core-ui:27.0.1] AndroidManifest.xml:20:5-44
MERGED from [com.android.support:palette-v7:27.0.1] AndroidManifest.xml:20:5-44
MERGED from [com.android.support:support-core-utils:27.0.1] AndroidManifest.xml:20:5-44
MERGED from [com.android.support:support-compat:27.0.1] AndroidManifest.xml:20:5-44
MERGED from [android.arch.lifecycle:runtime:1.0.0] AndroidManifest.xml:20:5-22:41
	android:targetSdkVersion
		ADDED from AndroidStudioProjects/Launcher3/AndroidManifest-common.xml:23:15-44
		INJECTED from AndroidStudioProjects/Launcher3/AndroidManifest-common.xml
		INJECTED from AndroidStudioProjects/Launcher3/AndroidManifest.xml
	android:minSdkVersion
		ADDED from AndroidStudioProjects/Launcher3/AndroidManifest-common.xml:23:45-71
		INJECTED from AndroidStudioProjects/Launcher3/AndroidManifest-common.xml
		INJECTED from AndroidStudioProjects/Launcher3/AndroidManifest.xml
permission#com.android.launcher.permission.INSTALL_SHORTCUT
ADDED from AndroidStudioProjects/Launcher3/AndroidManifest-common.xml:33:5-38:67
	android:label
		ADDED from AndroidStudioProjects/Launcher3/AndroidManifest-common.xml:37:9-57
	android:protectionLevel
		ADDED from AndroidStudioProjects/Launcher3/AndroidManifest-common.xml:36:9-44
	android:permissionGroup
		ADDED from AndroidStudioProjects/Launcher3/AndroidManifest-common.xml:35:9-72
	android:description
		ADDED from AndroidStudioProjects/Launcher3/AndroidManifest-common.xml:38:9-64
	android:name
		ADDED from AndroidStudioProjects/Launcher3/AndroidManifest-common.xml:34:9-72
uses-permission#android.permission.CALL_PHONE
ADDED from AndroidStudioProjects/Launcher3/AndroidManifest-common.xml:40:5-69
	android:name
		ADDED from AndroidStudioProjects/Launcher3/AndroidManifest-common.xml:40:22-66
uses-permission#android.permission.SET_WALLPAPER
ADDED from AndroidStudioProjects/Launcher3/AndroidManifest-common.xml:41:5-72
	android:name
		ADDED from AndroidStudioProjects/Launcher3/AndroidManifest-common.xml:41:22-69
uses-permission#android.permission.SET_WALLPAPER_HINTS
ADDED from AndroidStudioProjects/Launcher3/AndroidManifest-common.xml:42:5-78
	android:name
		ADDED from AndroidStudioProjects/Launcher3/AndroidManifest-common.xml:42:22-75
uses-permission#android.permission.BIND_APPWIDGET
ADDED from AndroidStudioProjects/Launcher3/AndroidManifest-common.xml:43:5-73
MERGED from AndroidStudioProjects/Launcher3/AndroidManifest-common.xml:43:5-73
	android:name
		ADDED from AndroidStudioProjects/Launcher3/AndroidManifest-common.xml:43:22-70
uses-permission#android.permission.READ_EXTERNAL_STORAGE
ADDED from AndroidStudioProjects/Launcher3/AndroidManifest-common.xml:44:5-80
	android:name
		ADDED from AndroidStudioProjects/Launcher3/AndroidManifest-common.xml:44:22-77
uses-permission#android.permission.RECEIVE_BOOT_COMPLETED
ADDED from AndroidStudioProjects/Launcher3/AndroidManifest-common.xml:45:5-81
	android:name
		ADDED from AndroidStudioProjects/Launcher3/AndroidManifest-common.xml:45:22-78
application
ADDED from AndroidStudioProjects/Launcher3/AndroidManifest-common.xml:47:5-125:19
MERGED from AndroidStudioProjects/Launcher3/AndroidManifest-common.xml:47:5-125:19
MERGED from [android.arch.lifecycle:runtime:1.0.0] AndroidManifest.xml:24:5-28:19
	android:backupAgent
		ADDED from AndroidStudioProjects/Launcher3/AndroidManifest-common.xml:48:9-72
	android:label
		ADDED from AndroidStudioProjects/Launcher3/AndroidManifest-common.xml:53:9-49
	android:supportsRtl
		ADDED from AndroidStudioProjects/Launcher3/AndroidManifest-common.xml:56:9-35
	android:hardwareAccelerated
		ADDED from AndroidStudioProjects/Launcher3/AndroidManifest-common.xml:51:9-43
	android:fullBackupContent
		ADDED from AndroidStudioProjects/Launcher3/AndroidManifest-common.xml:50:9-54
	android:icon
		ADDED from AndroidStudioProjects/Launcher3/AndroidManifest-common.xml:52:9-50
	android:largeHeap
		ADDED from AndroidStudioProjects/Launcher3/AndroidManifest-common.xml:54:9-51
	android:restoreAnyVersion
		ADDED from AndroidStudioProjects/Launcher3/AndroidManifest-common.xml:55:9-41
	android:fullBackupOnly
		ADDED from AndroidStudioProjects/Launcher3/AndroidManifest-common.xml:49:9-38
receiver#com.android.launcher3.InstallShortcutReceiver
ADDED from AndroidStudioProjects/Launcher3/AndroidManifest-common.xml:59:9-66:20
	android:enabled
		ADDED from AndroidStudioProjects/Launcher3/AndroidManifest-common.xml:62:13-64
	android:permission
		ADDED from AndroidStudioProjects/Launcher3/AndroidManifest-common.xml:61:13-82
	android:name
		ADDED from AndroidStudioProjects/Launcher3/AndroidManifest-common.xml:60:13-73
intent-filter#com.android.launcher.action.INSTALL_SHORTCUT
ADDED from AndroidStudioProjects/Launcher3/AndroidManifest-common.xml:63:13-65:29
action#com.android.launcher.action.INSTALL_SHORTCUT
ADDED from AndroidStudioProjects/Launcher3/AndroidManifest-common.xml:64:17-87
	android:name
		ADDED from AndroidStudioProjects/Launcher3/AndroidManifest-common.xml:64:25-84
receiver#com.android.launcher3.SessionCommitReceiver
ADDED from AndroidStudioProjects/Launcher3/AndroidManifest-common.xml:69:9-74:20
	android:name
		ADDED from AndroidStudioProjects/Launcher3/AndroidManifest-common.xml:70:13-71
intent-filter#android.content.pm.action.SESSION_COMMITTED
ADDED from AndroidStudioProjects/Launcher3/AndroidManifest-common.xml:71:13-73:29
action#android.content.pm.action.SESSION_COMMITTED
ADDED from AndroidStudioProjects/Launcher3/AndroidManifest-common.xml:72:17-86
	android:name
		ADDED from AndroidStudioProjects/Launcher3/AndroidManifest-common.xml:72:25-83
receiver#com.android.launcher3.AppWidgetsRestoredReceiver
ADDED from AndroidStudioProjects/Launcher3/AndroidManifest-common.xml:77:9-81:20
	android:name
		ADDED from AndroidStudioProjects/Launcher3/AndroidManifest-common.xml:77:19-82
intent-filter#android.appwidget.action.APPWIDGET_HOST_RESTORED
ADDED from AndroidStudioProjects/Launcher3/AndroidManifest-common.xml:78:13-80:29
action#android.appwidget.action.APPWIDGET_HOST_RESTORED
ADDED from AndroidStudioProjects/Launcher3/AndroidManifest-common.xml:79:17-90
	android:name
		ADDED from AndroidStudioProjects/Launcher3/AndroidManifest-common.xml:79:25-88
service#com.android.launcher3.dynamicui.ColorExtractionService
ADDED from AndroidStudioProjects/Launcher3/AndroidManifest-common.xml:83:9-87:19
	android:process
		ADDED from AndroidStudioProjects/Launcher3/AndroidManifest-common.xml:85:13-49
	android:exported
		ADDED from AndroidStudioProjects/Launcher3/AndroidManifest-common.xml:84:13-37
	android:permission
		ADDED from AndroidStudioProjects/Launcher3/AndroidManifest-common.xml:86:13-69
	android:name
		ADDED from AndroidStudioProjects/Launcher3/AndroidManifest-common.xml:83:18-87
service#com.android.launcher3.compat.WallpaperManagerCompatVL$ColorExtractionService
ADDED from AndroidStudioProjects/Launcher3/AndroidManifest-common.xml:89:9-93:72
	android:process
		ADDED from AndroidStudioProjects/Launcher3/AndroidManifest-common.xml:92:13-49
	android:exported
		ADDED from AndroidStudioProjects/Launcher3/AndroidManifest-common.xml:91:13-37
	android:permission
		ADDED from AndroidStudioProjects/Launcher3/AndroidManifest-common.xml:93:13-69
	android:name
		ADDED from AndroidStudioProjects/Launcher3/AndroidManifest-common.xml:90:13-104
service#com.android.launcher3.notification.NotificationListener
ADDED from AndroidStudioProjects/Launcher3/AndroidManifest-common.xml:95:9-101:19
	android:enabled
		ADDED from AndroidStudioProjects/Launcher3/AndroidManifest-common.xml:96:18-70
	android:permission
		ADDED from AndroidStudioProjects/Launcher3/AndroidManifest-common.xml:97:18-92
	android:name
		ADDED from AndroidStudioProjects/Launcher3/AndroidManifest-common.xml:95:18-88
intent-filter#android.service.notification.NotificationListenerService
ADDED from AndroidStudioProjects/Launcher3/AndroidManifest-common.xml:98:13-100:29
action#android.service.notification.NotificationListenerService
ADDED from AndroidStudioProjects/Launcher3/AndroidManifest-common.xml:99:17-99
	android:name
		ADDED from AndroidStudioProjects/Launcher3/AndroidManifest-common.xml:99:25-96
meta-data#android.nfc.disable_beam_default
ADDED from AndroidStudioProjects/Launcher3/AndroidManifest-common.xml:103:9-104:47
	android:value
		ADDED from AndroidStudioProjects/Launcher3/AndroidManifest-common.xml:104:24-44
	android:name
		ADDED from AndroidStudioProjects/Launcher3/AndroidManifest-common.xml:103:20-67
activity#com.android.launcher3.dragndrop.AddItemActivity
ADDED from AndroidStudioProjects/Launcher3/AndroidManifest-common.xml:106:9-115:20
	android:label
		ADDED from AndroidStudioProjects/Launcher3/AndroidManifest-common.xml:110:13-60
	android:excludeFromRecents
		ADDED from AndroidStudioProjects/Launcher3/AndroidManifest-common.xml:108:13-46
	android:autoRemoveFromRecents
		ADDED from AndroidStudioProjects/Launcher3/AndroidManifest-common.xml:109:13-49
	android:theme
		ADDED from AndroidStudioProjects/Launcher3/AndroidManifest-common.xml:107:13-82
	android:name
		ADDED from AndroidStudioProjects/Launcher3/AndroidManifest-common.xml:106:19-81
intent-filter#android.content.pm.action.CONFIRM_PIN_APPWIDGET+android.content.pm.action.CONFIRM_PIN_SHORTCUT
ADDED from AndroidStudioProjects/Launcher3/AndroidManifest-common.xml:111:13-114:29
action#android.content.pm.action.CONFIRM_PIN_SHORTCUT
ADDED from AndroidStudioProjects/Launcher3/AndroidManifest-common.xml:112:17-89
	android:name
		ADDED from AndroidStudioProjects/Launcher3/AndroidManifest-common.xml:112:25-86
action#android.content.pm.action.CONFIRM_PIN_APPWIDGET
ADDED from AndroidStudioProjects/Launcher3/AndroidManifest-common.xml:113:17-90
	android:name
		ADDED from AndroidStudioProjects/Launcher3/AndroidManifest-common.xml:113:25-87
meta-data#com.android.launcher3.launcher_dump_provider
ADDED from AndroidStudioProjects/Launcher3/AndroidManifest-common.xml:121:9-123:70
	android:value
		ADDED from AndroidStudioProjects/Launcher3/AndroidManifest-common.xml:123:13-67
	android:name
		ADDED from AndroidStudioProjects/Launcher3/AndroidManifest-common.xml:122:13-72
meta-data#android.arch.lifecycle.VERSION
ADDED from [android.arch.lifecycle:runtime:1.0.0] AndroidManifest.xml:25:9-27:47
	android:value
		ADDED from [android.arch.lifecycle:runtime:1.0.0] AndroidManifest.xml:27:13-44
	android:name
		ADDED from [android.arch.lifecycle:runtime:1.0.0] AndroidManifest.xml:26:13-58